2014-03-30 20:04:44 INFO  MmProcessor:? - Starting the execution . . .
2014-03-30 20:04:44 INFO  SystemUtils:? - System information: 
2014-03-30 20:04:44 INFO  SystemUtils:? - JAVA Home: /opt/jdk1.7.0_25/jre
2014-03-30 20:04:44 INFO  SystemUtils:? - JAVA version: 1.7.0_25 - Oracle Corporation
2014-03-30 20:04:44 INFO  SystemUtils:? - OS: Linux - 3.7.10-1.28-desktop - amd64
2014-03-30 20:04:44 INFO  SystemUtils:? - Available processors: 8
2014-03-30 20:04:44 INFO  SystemUtils:? - Memory info: (bytes) Free: 69222688(0.7) | Used: 23314144 | Total: 92536832 | Max: 1373896704
2014-03-30 20:04:44 INFO  SystemUtils:? - User: mateus
2014-03-30 20:04:44 INFO  PropertyManager:? - Loading mm properties from file conf/mrcpsp.properties : DONE
2014-03-30 20:04:44 INFO  PropertyManager:? - Loading mm properties from instance config file conf/instancesConf/j10mm.properties : DONE
2014-03-30 20:04:45 INFO  MmProcessor:? - ==========================================================================
2014-03-30 20:04:45 INFO  MmProcessor:? - Loading instance's data . . .
2014-03-30 20:04:45 INFO  FileUtils:? - -----Instance Information-----
2014-03-30 20:04:45 INFO  FileUtils:? - File name: j1010_10.mm
2014-03-30 20:04:45 INFO  FileUtils:? - 1- Jobs Amount: 12
2014-03-30 20:04:45 INFO  FileUtils:? - 2- Jobs Renewable Amount: 2
2014-03-30 20:04:45 INFO  FileUtils:? - 3- Jobs Non Renewable Amount: 2
2014-03-30 20:04:45 INFO  FileUtils:? - 4- Due Date: 13
2014-03-30 20:04:45 INFO  FileUtils:? - Job [id: 1, modesAmount: 1, successorsAmount: 3, predecessorsAmount: 0, successors: [2, 3, 4], predecessors: [], staggeredPredecessors: [], {Start, End} =  { 0, 0 }
2014-03-30 20:04:45 INFO  FileUtils:? - {id: 1, duration: 0 , renewable: [R1: 0, R2: 0], nonRenewable: [N1: 0, N2: 0], amountRenewable: 0, amountNonRenewable: 0}
2014-03-30 20:04:45 INFO  FileUtils:? - Job [id: 2, modesAmount: 3, successorsAmount: 3, predecessorsAmount: 1, successors: [9, 10, 11], predecessors: [1], staggeredPredecessors: [], {Start, End} =  { 0, 0 }
2014-03-30 20:04:45 INFO  FileUtils:? - {id: 1, duration: 4 , renewable: [R1: 0, R2: 5], nonRenewable: [N1: 5, N2: 0], amountRenewable: 5, amountNonRenewable: 5}
2014-03-30 20:04:45 INFO  FileUtils:? - {id: 2, duration: 9 , renewable: [R1: 0, R2: 4], nonRenewable: [N1: 0, N2: 7], amountRenewable: 4, amountNonRenewable: 7}
2014-03-30 20:04:45 INFO  FileUtils:? - {id: 3, duration: 10 , renewable: [R1: 6, R2: 0], nonRenewable: [N1: 0, N2: 7], amountRenewable: 6, amountNonRenewable: 7}
2014-03-30 20:04:45 INFO  FileUtils:? - Job [id: 3, modesAmount: 3, successorsAmount: 3, predecessorsAmount: 1, successors: [5, 6, 8], predecessors: [1], staggeredPredecessors: [], {Start, End} =  { 0, 0 }
2014-03-30 20:04:45 INFO  FileUtils:? - {id: 1, duration: 4 , renewable: [R1: 5, R2: 0], nonRenewable: [N1: 7, N2: 0], amountRenewable: 5, amountNonRenewable: 7}
2014-03-30 20:04:45 INFO  FileUtils:? - {id: 2, duration: 7 , renewable: [R1: 0, R2: 7], nonRenewable: [N1: 2, N2: 0], amountRenewable: 7, amountNonRenewable: 2}
2014-03-30 20:04:45 INFO  FileUtils:? - {id: 3, duration: 10 , renewable: [R1: 0, R2: 4], nonRenewable: [N1: 0, N2: 2], amountRenewable: 4, amountNonRenewable: 2}
2014-03-30 20:04:45 INFO  FileUtils:? - Job [id: 4, modesAmount: 3, successorsAmount: 1, predecessorsAmount: 1, successors: [7], predecessors: [1], staggeredPredecessors: [], {Start, End} =  { 0, 0 }
2014-03-30 20:04:45 INFO  FileUtils:? - {id: 1, duration: 5 , renewable: [R1: 2, R2: 0], nonRenewable: [N1: 0, N2: 5], amountRenewable: 2, amountNonRenewable: 5}
2014-03-30 20:04:45 INFO  FileUtils:? - {id: 2, duration: 5 , renewable: [R1: 4, R2: 0], nonRenewable: [N1: 3, N2: 0], amountRenewable: 4, amountNonRenewable: 3}
2014-03-30 20:04:45 INFO  FileUtils:? - {id: 3, duration: 6 , renewable: [R1: 0, R2: 4], nonRenewable: [N1: 2, N2: 0], amountRenewable: 4, amountNonRenewable: 2}
2014-03-30 20:04:45 INFO  FileUtils:? - Job [id: 5, modesAmount: 3, successorsAmount: 1, predecessorsAmount: 1, successors: [7], predecessors: [3], staggeredPredecessors: [], {Start, End} =  { 0, 0 }
2014-03-30 20:04:45 INFO  FileUtils:? - {id: 1, duration: 1 , renewable: [R1: 0, R2: 8], nonRenewable: [N1: 4, N2: 0], amountRenewable: 8, amountNonRenewable: 4}
2014-03-30 20:04:45 INFO  FileUtils:? - {id: 2, duration: 6 , renewable: [R1: 7, R2: 0], nonRenewable: [N1: 0, N2: 7], amountRenewable: 7, amountNonRenewable: 7}
2014-03-30 20:04:45 INFO  FileUtils:? - {id: 3, duration: 9 , renewable: [R1: 3, R2: 0], nonRenewable: [N1: 4, N2: 0], amountRenewable: 3, amountNonRenewable: 4}
2014-03-30 20:04:45 INFO  FileUtils:? - Job [id: 6, modesAmount: 3, successorsAmount: 1, predecessorsAmount: 1, successors: [7], predecessors: [3], staggeredPredecessors: [], {Start, End} =  { 0, 0 }
2014-03-30 20:04:45 INFO  FileUtils:? - {id: 1, duration: 2 , renewable: [R1: 0, R2: 4], nonRenewable: [N1: 7, N2: 0], amountRenewable: 4, amountNonRenewable: 7}
2014-03-30 20:04:45 INFO  FileUtils:? - {id: 2, duration: 2 , renewable: [R1: 2, R2: 0], nonRenewable: [N1: 8, N2: 0], amountRenewable: 2, amountNonRenewable: 8}
2014-03-30 20:04:45 INFO  FileUtils:? - {id: 3, duration: 10 , renewable: [R1: 2, R2: 0], nonRenewable: [N1: 0, N2: 6], amountRenewable: 2, amountNonRenewable: 6}
2014-03-30 20:04:45 INFO  FileUtils:? - Job [id: 7, modesAmount: 3, successorsAmount: 2, predecessorsAmount: 3, successors: [9, 11], predecessors: [6, 5, 4], staggeredPredecessors: [], {Start, End} =  { 0, 0 }
2014-03-30 20:04:45 INFO  FileUtils:? - {id: 1, duration: 2 , renewable: [R1: 5, R2: 0], nonRenewable: [N1: 4, N2: 0], amountRenewable: 5, amountNonRenewable: 4}
2014-03-30 20:04:45 INFO  FileUtils:? - {id: 2, duration: 6 , renewable: [R1: 0, R2: 7], nonRenewable: [N1: 3, N2: 0], amountRenewable: 7, amountNonRenewable: 3}
2014-03-30 20:04:45 INFO  FileUtils:? - {id: 3, duration: 6 , renewable: [R1: 0, R2: 9], nonRenewable: [N1: 0, N2: 6], amountRenewable: 9, amountNonRenewable: 6}
2014-03-30 20:04:45 INFO  FileUtils:? - Job [id: 8, modesAmount: 3, successorsAmount: 1, predecessorsAmount: 1, successors: [11], predecessors: [3], staggeredPredecessors: [], {Start, End} =  { 0, 0 }
2014-03-30 20:04:45 INFO  FileUtils:? - {id: 1, duration: 2 , renewable: [R1: 0, R2: 7], nonRenewable: [N1: 0, N2: 4], amountRenewable: 7, amountNonRenewable: 4}
2014-03-30 20:04:45 INFO  FileUtils:? - {id: 2, duration: 6 , renewable: [R1: 4, R2: 0], nonRenewable: [N1: 1, N2: 0], amountRenewable: 4, amountNonRenewable: 1}
2014-03-30 20:04:45 INFO  FileUtils:? - {id: 3, duration: 7 , renewable: [R1: 0, R2: 5], nonRenewable: [N1: 0, N2: 1], amountRenewable: 5, amountNonRenewable: 1}
2014-03-30 20:04:45 INFO  FileUtils:? - Job [id: 9, modesAmount: 3, successorsAmount: 1, predecessorsAmount: 2, successors: [12], predecessors: [7, 2], staggeredPredecessors: [], {Start, End} =  { 0, 0 }
2014-03-30 20:04:45 INFO  FileUtils:? - {id: 1, duration: 3 , renewable: [R1: 0, R2: 6], nonRenewable: [N1: 7, N2: 0], amountRenewable: 6, amountNonRenewable: 7}
2014-03-30 20:04:45 INFO  FileUtils:? - {id: 2, duration: 6 , renewable: [R1: 0, R2: 6], nonRenewable: [N1: 0, N2: 3], amountRenewable: 6, amountNonRenewable: 3}
2014-03-30 20:04:45 INFO  FileUtils:? - {id: 3, duration: 8 , renewable: [R1: 5, R2: 0], nonRenewable: [N1: 1, N2: 0], amountRenewable: 5, amountNonRenewable: 1}
2014-03-30 20:04:45 INFO  FileUtils:? - Job [id: 10, modesAmount: 3, successorsAmount: 1, predecessorsAmount: 1, successors: [12], predecessors: [2], staggeredPredecessors: [], {Start, End} =  { 0, 0 }
2014-03-30 20:04:45 INFO  FileUtils:? - {id: 1, duration: 2 , renewable: [R1: 0, R2: 8], nonRenewable: [N1: 0, N2: 9], amountRenewable: 8, amountNonRenewable: 9}
2014-03-30 20:04:45 INFO  FileUtils:? - {id: 2, duration: 2 , renewable: [R1: 5, R2: 0], nonRenewable: [N1: 0, N2: 9], amountRenewable: 5, amountNonRenewable: 9}
2014-03-30 20:04:45 INFO  FileUtils:? - {id: 3, duration: 6 , renewable: [R1: 0, R2: 7], nonRenewable: [N1: 6, N2: 0], amountRenewable: 7, amountNonRenewable: 6}
2014-03-30 20:04:45 INFO  FileUtils:? - Job [id: 11, modesAmount: 3, successorsAmount: 1, predecessorsAmount: 3, successors: [12], predecessors: [8, 7, 2], staggeredPredecessors: [], {Start, End} =  { 0, 0 }
2014-03-30 20:04:45 INFO  FileUtils:? - {id: 1, duration: 5 , renewable: [R1: 8, R2: 0], nonRenewable: [N1: 7, N2: 0], amountRenewable: 8, amountNonRenewable: 7}
2014-03-30 20:04:45 INFO  FileUtils:? - {id: 2, duration: 7 , renewable: [R1: 0, R2: 8], nonRenewable: [N1: 0, N2: 7], amountRenewable: 8, amountNonRenewable: 7}
2014-03-30 20:04:45 INFO  FileUtils:? - {id: 3, duration: 8 , renewable: [R1: 8, R2: 0], nonRenewable: [N1: 0, N2: 5], amountRenewable: 8, amountNonRenewable: 5}
2014-03-30 20:04:45 INFO  FileUtils:? - Job [id: 12, modesAmount: 1, successorsAmount: 0, predecessorsAmount: 3, successors: [], predecessors: [11, 10, 9], staggeredPredecessors: [], {Start, End} =  { 0, 0 }
2014-03-30 20:04:45 INFO  FileUtils:? - {id: 1, duration: 0 , renewable: [R1: 0, R2: 0], nonRenewable: [N1: 0, N2: 0], amountRenewable: 0, amountNonRenewable: 0}
2014-03-30 20:04:45 INFO  FileUtils:? - -----Resources Avaialabilities-----
2014-03-30 20:04:45 INFO  FileUtils:? - Resource R1: 12
2014-03-30 20:04:45 INFO  FileUtils:? - Resource R2: 10
2014-03-30 20:04:45 INFO  FileUtils:? - Resource N1: 26
2014-03-30 20:04:45 INFO  FileUtils:? - Resource N2: 28
2014-03-30 20:04:45 INFO  MmProcessor:? - Loading instance's data . . . DONE 

2014-03-30 20:04:45 INFO  MmProcessor:? - ==========================================================================
2014-03-30 20:04:45 INFO  MmProcessor:? - Getting job modes information . . .
2014-03-30 20:04:45 INFO  JobsModeInformationProcessor:? - JOB ID: 1 - MODES INFORMATION: {longer: 1,
                   shorter: 1,
                   lowerRenewableConsumption: 1,
                   greaterRenewableConsumption: 1,
                   lowerNonRenewableConsumption: 1,
				   greaterNonRenewableConsumption: 1,
                   higherSumComsuption: 1,
                   lowerSumComsuption: 1,
                   shorterNearToLowerNonRenewableComsumption: 1,
                   modesByOrderDuration: [1],
                   minNonRenewableResourcesConsumption: [0, 0]}
2014-03-30 20:04:45 INFO  JobsModeInformationProcessor:? - JOB ID: 2 - MODES INFORMATION: {longer: 3,
                   shorter: 1,
                   lowerRenewableConsumption: 2,
                   greaterRenewableConsumption: 3,
                   lowerNonRenewableConsumption: 1,
				   greaterNonRenewableConsumption: 3,
                   higherSumComsuption: 3,
                   lowerSumComsuption: 1,
                   shorterNearToLowerNonRenewableComsumption: 1,
                   modesByOrderDuration: [1, 2, 3],
                   minNonRenewableResourcesConsumption: [0, 0]}
2014-03-30 20:04:45 INFO  JobsModeInformationProcessor:? - JOB ID: 3 - MODES INFORMATION: {longer: 3,
                   shorter: 1,
                   lowerRenewableConsumption: 3,
                   greaterRenewableConsumption: 2,
                   lowerNonRenewableConsumption: 2,
				   greaterNonRenewableConsumption: 1,
                   higherSumComsuption: 1,
                   lowerSumComsuption: 3,
                   shorterNearToLowerNonRenewableComsumption: 2,
                   modesByOrderDuration: [1, 2, 3],
                   minNonRenewableResourcesConsumption: [0, 0]}
2014-03-30 20:04:45 INFO  JobsModeInformationProcessor:? - JOB ID: 4 - MODES INFORMATION: {longer: 3,
                   shorter: 1,
                   lowerRenewableConsumption: 1,
                   greaterRenewableConsumption: 3,
                   lowerNonRenewableConsumption: 3,
				   greaterNonRenewableConsumption: 1,
                   higherSumComsuption: 2,
                   lowerSumComsuption: 3,
                   shorterNearToLowerNonRenewableComsumption: 2,
                   modesByOrderDuration: [1, 2, 3],
                   minNonRenewableResourcesConsumption: [0, 0]}
2014-03-30 20:04:45 INFO  JobsModeInformationProcessor:? - JOB ID: 5 - MODES INFORMATION: {longer: 3,
                   shorter: 1,
                   lowerRenewableConsumption: 3,
                   greaterRenewableConsumption: 1,
                   lowerNonRenewableConsumption: 1,
				   greaterNonRenewableConsumption: 2,
                   higherSumComsuption: 2,
                   lowerSumComsuption: 3,
                   shorterNearToLowerNonRenewableComsumption: 1,
                   modesByOrderDuration: [1, 2, 3],
                   minNonRenewableResourcesConsumption: [0, 0]}
2014-03-30 20:04:45 INFO  JobsModeInformationProcessor:? - JOB ID: 6 - MODES INFORMATION: {longer: 3,
                   shorter: 1,
                   lowerRenewableConsumption: 2,
                   greaterRenewableConsumption: 1,
                   lowerNonRenewableConsumption: 3,
				   greaterNonRenewableConsumption: 2,
                   higherSumComsuption: 1,
                   lowerSumComsuption: 3,
                   shorterNearToLowerNonRenewableComsumption: 2,
                   modesByOrderDuration: [1, 2, 3],
                   minNonRenewableResourcesConsumption: [0, 0]}
2014-03-30 20:04:45 INFO  JobsModeInformationProcessor:? - JOB ID: 7 - MODES INFORMATION: {longer: 3,
                   shorter: 1,
                   lowerRenewableConsumption: 1,
                   greaterRenewableConsumption: 3,
                   lowerNonRenewableConsumption: 2,
				   greaterNonRenewableConsumption: 3,
                   higherSumComsuption: 3,
                   lowerSumComsuption: 1,
                   shorterNearToLowerNonRenewableComsumption: 1,
                   modesByOrderDuration: [1, 2, 3],
                   minNonRenewableResourcesConsumption: [0, 0]}
2014-03-30 20:04:45 INFO  JobsModeInformationProcessor:? - JOB ID: 8 - MODES INFORMATION: {longer: 3,
                   shorter: 1,
                   lowerRenewableConsumption: 2,
                   greaterRenewableConsumption: 1,
                   lowerNonRenewableConsumption: 2,
				   greaterNonRenewableConsumption: 1,
                   higherSumComsuption: 1,
                   lowerSumComsuption: 2,
                   shorterNearToLowerNonRenewableComsumption: 2,
                   modesByOrderDuration: [1, 2, 3],
                   minNonRenewableResourcesConsumption: [0, 0]}
2014-03-30 20:04:45 INFO  JobsModeInformationProcessor:? - JOB ID: 9 - MODES INFORMATION: {longer: 3,
                   shorter: 1,
                   lowerRenewableConsumption: 3,
                   greaterRenewableConsumption: 2,
                   lowerNonRenewableConsumption: 3,
				   greaterNonRenewableConsumption: 1,
                   higherSumComsuption: 1,
                   lowerSumComsuption: 3,
                   shorterNearToLowerNonRenewableComsumption: 3,
                   modesByOrderDuration: [1, 2, 3],
                   minNonRenewableResourcesConsumption: [0, 0]}
2014-03-30 20:04:46 INFO  JobsModeInformationProcessor:? - JOB ID: 10 - MODES INFORMATION: {longer: 3,
                   shorter: 1,
                   lowerRenewableConsumption: 2,
                   greaterRenewableConsumption: 1,
                   lowerNonRenewableConsumption: 3,
				   greaterNonRenewableConsumption: 2,
                   higherSumComsuption: 1,
                   lowerSumComsuption: 3,
                   shorterNearToLowerNonRenewableComsumption: 3,
                   modesByOrderDuration: [1, 2, 3],
                   minNonRenewableResourcesConsumption: [0, 0]}
2014-03-30 20:04:46 INFO  JobsModeInformationProcessor:? - JOB ID: 11 - MODES INFORMATION: {longer: 3,
                   shorter: 1,
                   lowerRenewableConsumption: 1,
                   greaterRenewableConsumption: 3,
                   lowerNonRenewableConsumption: 3,
				   greaterNonRenewableConsumption: 2,
                   higherSumComsuption: 2,
                   lowerSumComsuption: 3,
                   shorterNearToLowerNonRenewableComsumption: 3,
                   modesByOrderDuration: [1, 2, 3],
                   minNonRenewableResourcesConsumption: [0, 0]}
2014-03-30 20:04:46 INFO  JobsModeInformationProcessor:? - JOB ID: 12 - MODES INFORMATION: {longer: 1,
                   shorter: 1,
                   lowerRenewableConsumption: 1,
                   greaterRenewableConsumption: 1,
                   lowerNonRenewableConsumption: 1,
				   greaterNonRenewableConsumption: 1,
                   higherSumComsuption: 1,
                   lowerSumComsuption: 1,
                   shorterNearToLowerNonRenewableComsumption: 1,
                   modesByOrderDuration: [1],
                   minNonRenewableResourcesConsumption: [0, 0]}
2014-03-30 20:04:46 INFO  MmProcessor:? - Getting job modes information . . . DONE 

2014-03-30 20:04:46 INFO  MmProcessor:? - ==========================================================================
2014-03-30 20:04:46 INFO  MmProcessor:? - Executing jobs mode select . . .
2014-03-30 20:04:46 INFO  JobsModeSelectProcessor:? - MODE SELECTION: minimum_non_renewable_resources
2014-03-30 20:04:46 INFO  JobsModeSelectProcessor:? - JOB: 1 - Selected mode: 1 - Duration: 0 - Values NR: [0, 0] - Values R: [0, 0]
2014-03-30 20:04:46 INFO  JobsModeSelectProcessor:? - JOB: 2 - Selected mode: 1 - Duration: 4 - Values NR: [5, 0] - Values R: [0, 5]
2014-03-30 20:04:46 INFO  JobsModeSelectProcessor:? - JOB: 3 - Selected mode: 2 - Duration: 7 - Values NR: [2, 0] - Values R: [0, 7]
2014-03-30 20:04:46 INFO  JobsModeSelectProcessor:? - JOB: 4 - Selected mode: 3 - Duration: 6 - Values NR: [2, 0] - Values R: [0, 4]
2014-03-30 20:04:46 INFO  JobsModeSelectProcessor:? - JOB: 5 - Selected mode: 1 - Duration: 1 - Values NR: [4, 0] - Values R: [0, 8]
2014-03-30 20:04:46 INFO  JobsModeSelectProcessor:? - JOB: 6 - Selected mode: 3 - Duration: 10 - Values NR: [0, 6] - Values R: [2, 0]
2014-03-30 20:04:46 INFO  JobsModeSelectProcessor:? - JOB: 7 - Selected mode: 2 - Duration: 6 - Values NR: [3, 0] - Values R: [0, 7]
2014-03-30 20:04:46 INFO  JobsModeSelectProcessor:? - JOB: 8 - Selected mode: 2 - Duration: 6 - Values NR: [1, 0] - Values R: [4, 0]
2014-03-30 20:04:46 INFO  JobsModeSelectProcessor:? - JOB: 9 - Selected mode: 3 - Duration: 8 - Values NR: [1, 0] - Values R: [5, 0]
2014-03-30 20:04:46 INFO  JobsModeSelectProcessor:? - JOB: 10 - Selected mode: 3 - Duration: 6 - Values NR: [6, 0] - Values R: [0, 7]
2014-03-30 20:04:46 INFO  JobsModeSelectProcessor:? - JOB: 11 - Selected mode: 3 - Duration: 8 - Values NR: [0, 5] - Values R: [8, 0]
2014-03-30 20:04:46 INFO  JobsModeSelectProcessor:? - JOB: 12 - Selected mode: 1 - Duration: 0 - Values NR: [0, 0] - Values R: [0, 0]
2014-03-30 20:04:46 INFO  MmProcessor:? - The JOBS MODES list has this index: { J1: 1, J2: 1, J3: 2, J4: 3, J5: 1, J6: 3, J7: 2, J8: 2, J9: 3, J10: 3, J11: 3, J12: 1 }
2014-03-30 20:04:46 INFO  MmProcessor:? - Executing jobs mode select . . .DONE 

2014-03-30 20:04:46 INFO  MmProcessor:? - ==========================================================================
2014-03-30 20:04:46 INFO  MmProcessor:? - Executing Restrictions Verification . . .
2014-03-30 20:04:46 INFO  RestrictionsProcessor:? - Checking the Non Renewable resources amount. Initial Amount: [26, 28]
2014-03-30 20:04:46 INFO  RestrictionsProcessor:? - Consumed non renewable amounts after jobs execution will be: [24, 11]
2014-03-30 20:04:46 INFO  RestrictionsProcessor:? - Remaining non renewable amounts after jobs execution will be: [2, 17]
2014-03-30 20:04:46 INFO  MmProcessor:? - The JOBS MODES list has this index: { J1: 1, J2: 1, J3: 2, J4: 3, J5: 1, J6: 3, J7: 2, J8: 2, J9: 3, J10: 3, J11: 3, J12: 1 }
2014-03-30 20:04:46 INFO  MmProcessor:? - Executing Restrictions Verification . . .DONE 

2014-03-30 20:04:46 INFO  MmProcessor:? - ==========================================================================
2014-03-30 20:04:46 INFO  MmProcessor:? - Executing Job Priority Rules . . .
2014-03-30 20:04:46 INFO  JobPriorityRulesOperations:? - JOB 2 has JOB 2 as your only predecessor. JOB: 2 PRI: {NIS: 1, CAN: 0, NISCAN: 0}
2014-03-30 20:04:46 INFO  JobPriorityRulesOperations:? - JOB 3 has JOB 3 as your only predecessor. JOB: 3 PRI: {NIS: 2, CAN: 0, NISCAN: 0}
2014-03-30 20:04:46 INFO  JobPriorityRulesOperations:? - JOB 4 has JOB 4 as your only predecessor. JOB: 4 PRI: {NIS: 3, CAN: 0, NISCAN: 0}
2014-03-30 20:04:46 INFO  JobPriorityRulesOperations:? - JOB 5 has JOB 5 as your only predecessor. JOB: 5 PRI: {NIS: 1, CAN: 0, NISCAN: 0}
2014-03-30 20:04:46 INFO  JobPriorityRulesOperations:? - JOB 6 has JOB 6 as your only predecessor. JOB: 6 PRI: {NIS: 2, CAN: 0, NISCAN: 0}
2014-03-30 20:04:46 INFO  JobPriorityRulesOperations:? - JOB 8 has JOB 8 as your only predecessor. JOB: 8 PRI: {NIS: 3, CAN: 0, NISCAN: 0}
2014-03-30 20:04:46 INFO  JobPriorityRulesOperations:? - JOB 10 has JOB 10 as your only predecessor. JOB: 10 PRI: {NIS: 1, CAN: 0, NISCAN: 0}
2014-03-30 20:04:46 INFO  MmProcessor:? - Executing Job Priority Rules . . .DONE 

2014-03-30 20:04:46 INFO  MmProcessor:? - ==========================================================================
2014-03-30 20:04:46 INFO  MmProcessor:? - Generating the Initial Solution with GRASP . . .
2014-03-30 20:04:46 INFO  GenerateInitialSolutionGRASP:? - Executing GRASP - Initial Solution...
2014-03-30 20:04:46 INFO  InitialSolutionsOperations:? - The ELIGIBLE JOBS list has this index: { 1 }
2014-03-30 20:04:46 INFO  GenerateInitialSolutionGRASP:? - The RCL JOBS list has this index: { 1 }
2014-03-30 20:04:46 INFO  GenerateInitialSolutionGRASP:? - The job with id 1 was scheduled!
2014-03-30 20:04:46 INFO  GenerateInitialSolutionGRASP:? - The REMAINING JOBS list has this index: { 2, 3, 4, 5, 6, 7, 8, 9, 10, 11, 12 }
2014-03-30 20:04:46 INFO  GenerateInitialSolutionGRASP:? - The ELIGIBLE JOBS list is empty: {}
2014-03-30 20:04:46 INFO  GenerateInitialSolutionGRASP:? - The STAGGERED JOBS jobs list has this index: { 1 }

2014-03-30 20:04:46 INFO  InitialSolutionsOperations:? - The ELIGIBLE JOBS list has this index: { 2, 3, 4 }
2014-03-30 20:04:46 INFO  GenerateInitialSolutionGRASP:? - The RCL JOBS list has this index: { 2, 3, 4 }
2014-03-30 20:04:46 INFO  GenerateInitialSolutionGRASP:? - The job with id 3 was scheduled!
2014-03-30 20:04:46 INFO  GenerateInitialSolutionGRASP:? - The REMAINING JOBS list has this index: { 2, 4, 5, 6, 7, 8, 9, 10, 11, 12 }
2014-03-30 20:04:46 INFO  GenerateInitialSolutionGRASP:? - The ELIGIBLE JOBS list has this index: { 2, 4 }
2014-03-30 20:04:46 INFO  GenerateInitialSolutionGRASP:? - The STAGGERED JOBS jobs list has this index: { 1, 3 }

2014-03-30 20:04:46 INFO  InitialSolutionsOperations:? - The ELIGIBLE JOBS list has this index: { 2, 4, 5, 6, 8 }
2014-03-30 20:04:46 ERROR MmProcessor:? - Exception during the executeGenerateInitialSolution phase
groovy.lang.MissingMethodException: No signature of method: mrcpsp.utils.ChronoWatch.call() is applicable for argument types: () values: []
Possible solutions: wait(), any(), wait(long), any(groovy.lang.Closure), each(groovy.lang.Closure), wait(long, int)
	at org.codehaus.groovy.runtime.ScriptBytecodeAdapter.unwrap(ScriptBytecodeAdapter.java:55)
	at org.codehaus.groovy.runtime.callsite.StaticMetaClassSite.call(StaticMetaClassSite.java:52)
	at org.codehaus.groovy.runtime.callsite.CallSiteArray.defaultCall(CallSiteArray.java:42)
	at org.codehaus.groovy.runtime.callsite.AbstractCallSite.call(AbstractCallSite.java:108)
	at org.codehaus.groovy.runtime.callsite.AbstractCallSite.call(AbstractCallSite.java:112)
	at mrcpsp.process.initialsolution.GenerateInitialSolutionGRASP.generateRclJobsList(GenerateInitialSolutionGRASP.groovy:106)
	at mrcpsp.process.initialsolution.GenerateInitialSolutionGRASP.this$2$generateRclJobsList(GenerateInitialSolutionGRASP.groovy)
	at mrcpsp.process.initialsolution.GenerateInitialSolutionGRASP$this$2$generateRclJobsList.callCurrent(Unknown Source)
	at mrcpsp.process.initialsolution.GenerateInitialSolutionGRASP.executeGrasp(GenerateInitialSolutionGRASP.groovy:56)
	at mrcpsp.process.initialsolution.GenerateInitialSolutionGRASP.this$2$executeGrasp(GenerateInitialSolutionGRASP.groovy)
	at mrcpsp.process.initialsolution.GenerateInitialSolutionGRASP$this$2$executeGrasp.callCurrent(Unknown Source)
	at org.codehaus.groovy.runtime.callsite.CallSiteArray.defaultCallCurrent(CallSiteArray.java:46)
	at org.codehaus.groovy.runtime.callsite.AbstractCallSite.callCurrent(AbstractCallSite.java:133)
	at org.codehaus.groovy.runtime.callsite.AbstractCallSite.callCurrent(AbstractCallSite.java:141)
	at mrcpsp.process.initialsolution.GenerateInitialSolutionGRASP.getInitialSolution(GenerateInitialSolutionGRASP.groovy:32)
	at mrcpsp.process.initialsolution.GenerateInitialSolutionGRASP$getInitialSolution.call(Unknown Source)
	at org.codehaus.groovy.runtime.callsite.CallSiteArray.defaultCall(CallSiteArray.java:42)
	at org.codehaus.groovy.runtime.callsite.AbstractCallSite.call(AbstractCallSite.java:108)
	at org.codehaus.groovy.runtime.callsite.AbstractCallSite.call(AbstractCallSite.java:116)
	at mrcpsp.process.MmProcessor.executeGenerateInitialSolution(MmProcessor.groovy:111)
	at mrcpsp.process.MmProcessor.initialSolutionWithGrasp(MmProcessor.groovy:336)
	at mrcpsp.process.MmProcessor$initialSolutionWithGrasp.call(Unknown Source)
	at org.codehaus.groovy.runtime.callsite.CallSiteArray.defaultCall(CallSiteArray.java:42)
	at org.codehaus.groovy.runtime.callsite.AbstractCallSite.call(AbstractCallSite.java:108)
	at org.codehaus.groovy.runtime.callsite.AbstractCallSite.call(AbstractCallSite.java:116)
	at mrcpsp.process.ExecutionTypeProcessor.executeAll(ExecutionTypeProcessor.groovy:130)
	at mrcpsp.process.ExecutionTypeProcessor.executeOneFile(ExecutionTypeProcessor.groovy:68)
	at mrcpsp.process.ExecutionTypeProcessor.execute(ExecutionTypeProcessor.groovy:35)
	at mrcpsp.process.ExecutionTypeProcessor$execute.call(Unknown Source)
	at org.codehaus.groovy.runtime.callsite.CallSiteArray.defaultCall(CallSiteArray.java:42)
	at org.codehaus.groovy.runtime.callsite.AbstractCallSite.call(AbstractCallSite.java:108)
	at org.codehaus.groovy.runtime.callsite.AbstractCallSite.call(AbstractCallSite.java:112)
	at mrcpsp.process.MmRunner.main(MmRunner.groovy:35)
	at sun.reflect.NativeMethodAccessorImpl.invoke0(Native Method)
	at sun.reflect.NativeMethodAccessorImpl.invoke(NativeMethodAccessorImpl.java:57)
	at sun.reflect.DelegatingMethodAccessorImpl.invoke(DelegatingMethodAccessorImpl.java:43)
	at java.lang.reflect.Method.invoke(Method.java:606)
	at com.intellij.rt.execution.application.AppMain.main(AppMain.java:120)
2014-03-30 20:04:46 INFO  MmProcessor:? - ==========================================================================
2014-03-30 20:04:46 INFO  MmProcessor:? - Setting the project makespan. . .
2014-03-30 20:04:46 INFO  MmProcessor:? - FILE: j1010_10.mm - MAKESPAN: -999
2014-03-30 20:04:46 INFO  MmProcessor:? - Setting the project makespan. . .DONE 

2014-03-30 20:04:46 INFO  MmProcessor:? - ==========================================================================
2014-03-30 20:04:46 INFO  MmProcessor:? - Some problem was previously found. Local Search won't be executed. . .
